00:24:10,625 - sequence
00:24:10,626 - room RoomA3 contains blocks:  W P O O G O
00:24:10,626 - room RoomA2 contains blocks:  W R R R
00:24:10,626 - room RoomB3 contains blocks:  R O W
00:24:10,626 - room RoomC1 contains blocks:  O W
00:24:10,626 - room RoomA1 contains blocks:  O P
00:24:10,626 - room RoomB2 contains blocks:  Y P G
00:24:10,626 - room RoomC3 contains blocks:  G R Y B
00:24:10,626 - room RoomB1 contains blocks:  Y G
00:24:10,626 - room RoomC2 contains blocks:  W G
00:24:10,626 - sequence Y G W R P W
00:24:20,114 - action Human_1 goTo(RoomA1)
00:24:24,707 - action Human_1 goTo(RoomA2)
00:24:26,262 - action Human_1 goTo(RoomA3)
00:24:27,817 - action Human_1 goTo(RoomB1)
00:24:31,423 - action Human_1 goToBlock(62)
00:24:39,631 - action Human_1 pickUp
00:24:47,675 - action Human_1 goTo(DropZone)
00:24:59,619 - action Human_1 putDown
00:25:07,621 - action Human_1 goTo(RoomB2)
00:25:12,049 - action Human_1 goToBlock(63)
